SF:lib\cubit\companies_cubit.dart
DA:8,3
DA:12,1
DA:13,3
DA:15,2
DA:16,3
DA:18,1
DA:19,3
DA:21,3
DA:25,0
DA:26,0
DA:28,0
DA:29,0
DA:30,0
DA:31,0
DA:35,0
DA:36,0
DA:38,0
DA:39,0
DA:40,0
DA:41,0
DA:45,0
DA:46,0
DA:48,0
DA:49,0
DA:50,0
DA:51,0
LF:26
LH:8
end_of_record
SF:lib\cubit\companies_state.dart
DA:6,0
DA:7,0
DA:8,0
DA:9,0
DA:16,1
DA:19,1
DA:21,1
DA:25,1
DA:26,0
DA:27,1
DA:31,1
DA:32,3
LF:12
LH:7
end_of_record
SF:lib\view\companies_page.dart
DA:6,0
DA:8,0
DA:10,0
DA:11,0
DA:12,0
DA:19,1
DA:21,0
DA:22,0
DA:26,0
DA:28,0
DA:42,0
DA:43,0
DA:44,0
DA:45,0
DA:46,0
DA:48,0
DA:50,0
DA:51,0
DA:54,0
DA:55,0
DA:56,0
DA:58,0
DA:59,0
DA:63,0
DA:67,0
LF:25
LH:1
end_of_record
SF:lib\widgets\companies_empty.dart
DA:4,1
DA:6,0
DA:8,0
DA:9,0
DA:11,0
DA:13,0
DA:15,0
LF:7
LH:1
end_of_record
SF:lib\widgets\companies_error.dart
DA:4,1
DA:6,0
DA:8,0
DA:9,0
DA:11,0
DA:13,0
DA:15,0
LF:7
LH:1
end_of_record
SF:lib\widgets\companies_list.dart
DA:5,0
DA:14,0
DA:16,0
DA:20,0
DA:21,0
DA:22,0
DA:23,0
DA:24,0
DA:25,0
DA:26,0
DA:28,0
DA:29,0
DA:34,0
DA:36,0
LF:14
LH:0
end_of_record
SF:lib\widgets\companies_list_item.dart
DA:5,0
DA:9,0
DA:11,0
DA:16,0
DA:18,0
LF:5
LH:0
end_of_record
SF:lib\widgets\companies_loading.dart
DA:4,1
DA:6,0
LF:2
LH:1
end_of_record
